[.000000] Initializing cgroup subsys cpuset
[    0.000000] Initializing cgroup subsys cpu
[    0.000000] Initializing cgroup subsys cpuacct
[    0.000000] Linux version 4.4.0-184-generic (buildd@lgw01-amd64-008) (gcc version 5.4.0 20160609 (Ubuntu 5.4.0-6ubuntu1~16.04.12) ) #214-Ubuntu SMP Wed Jun 3 11:39:55 UTC 2020 (Ubuntu 4.4.0-184.214-generic 4.4.223)
[    0.000000] KERNEL supported cpus:
[    0.000000]   Intel GenuineIntel
[    0.000000]   AMD AuthenticAMD
[    0.000000]   NSC Geode by NSC
[    0.000000]   Cyrix CyrixInstead
[    0.000000]   Centaur CentaurHauls
[    0.000000]   Transmeta GenuineTMx86
[    0.000000]   Transmeta TransmetaCPU
[    0.000000]   UMC UMC UMC UMC
[    0.000000] x86/fpu: xstate_offset[2]:  576, xstate_sizes[2]:  256
[    0.000000] x86/fpu: Supporting XSAVE feature 0x01: 'x87 floating point registers'
[    0.000000] x86/fpu: Supporting XSAVE feature 0x02: 'SSE registers'
[    0.000000] x86/fpu: Supporting XSAVE feature 0x04: 'AVX registers'
[    0.000000] x86/fpu: Enabled xstate features 0x7, context size is 832 bytes, using 'standard' format.
[    0.000000] e820: BIOS-provided physical RAM map:
[    0.000000] BIOS-e820: [mem 0x0000000000000000-0x000000000009fbff] usable
[    0.000000] BIOS-e820: [mem 0x000000000009fc00-0x000000000009ffff] reserved
[    0.000000] BIOS-e820: [mem 0x00000000000f0000-0x00000000000fffff] reserved
[    0.000000] BIOS-e820: [mem 0x0000000000100000-0x000000003ffeffff] usable
[    0.000000] BIOS-e820: [mem 0x000000003fff0000-0x000000003fffffff] ACPI data
[    0.000000] BIOS-e820: [mem 0x00000000fec00000-0x00000000fec00fff] reserved
[    0.000000] BIOS-e820: [mem 0x00000000fee00000-0x00000000fee00fff] reserved
[    0.000000] BIOS-e820: [mem 0x00000000fffc0000-0x00000000ffffffff] reserved
[    0.000000] NX (Execute Disable) protection: active
[    0.000000] SMBIOS 2.5 present.
[    0.000000] Hypervisor detected: KVM
[    0.000000] e820: last_pfn = 0x3fff0 max_arch_pfn = 0x1000000
[    0.000000] MTRR: Disabled
[    0.000000] x86/PAT: MTRRs disabled, skipping PAT initialization too.
[    0.000000] CPU MTRRs all blank - virtualized system.
[    0.000000] x86/PAT: Configuration [0-7]: WB  WT  UC- UC  WB  WT  UC- UC  
[    0.000000] found SMP MP-table at [mem 0x0009fff0-0x0009ffff] mapped at [c009fff0]
[    0.000000] Scanning 1 areas for low memory corruption
[    0.000000] RAMDISK: [mem 0x363a6000-0x371cafff]
[    0.000000] ACPI: Early table checksum verification disabled
[    0.000000] ACPI: RSDP 0x00000000000E0000 000024 (v02 VBOX  )
[    0.000000] ACPI: XSDT 0x000000003FFF0030 00003C (v01 VBOX   VBOXXSDT 00000001 ASL  00000061)
[    0.000000] ACPI: FACP 0x000000003FFF00F0 0000F4 (v04 VBOX   VBOXFACP 00000001 ASL  00000061)
[    0.000000] ACPI: DSDT 0x000000003FFF0470 002325 (v02 VBOX   VBOXBIOS 00000002 INTL 20100528)
[    0.000000] ACPI: FACS 0x000000003FFF0200 000040
[    0.000000] ACPI: FACS 0x000000003FFF0200 000040
[    0.000000] ACPI: APIC 0x000000003FFF0240 00005C (v02 VBOX   VBOXAPIC 00000001 ASL  00000061)
[    0.000000] ACPI: SSDT 0x000000003FFF02A0 0001CC (v01 VBOX   VBOXCPUT 00000002 INTL 20100528)
[    0.000000] 131MB HIGHMEM available.
[    0.000000] 891MB LOWMEM available.
[    0.000000]   mapped low ram: 0 - 37bfe000
[    0.000000]   low ram: 0 - 37bfe000
[    0.000000] kvm-clock: Using msrs 4b564d01 and 4b564d00
[    0.000000] kvm-clock: cpu 0, msr 0:37bfd001, primary cpu clock
[    0.000000] kvm-clock: using sched offset of 3495581957 cycles
[    0.000000] clocksource: kvm-clock: mask: 0xffffffffffffffff max_cycles: 0x1cd42e4dffb, max_idle_ns: 881590591483 ns
[    0.000000] Zone ranges:
[    0.000000]   DMA      [mem 0x0000000000001000-0x0000000000ffffff]
[    0.000000]   Normal   [mem 0x0000000001000000-0x0000000037bfdfff]
[    0.000000]   HighMem  [mem 0x0000000037bfe000-0x000000003ffeffff]
[    0.000000] Movable zone start for each node
[    0.000000] Early memory node ranges
[    0.000000]   node   0: [mem 0x0000000000001000-0x000000000009efff]
[    0.000000]   node   0: [mem 0x0000000000100000-0x000000003ffeffff]
[    0.000000] Initmem setup node 0 [mem 0x0000000000001000-0x000000003ffeffff]
[    0.000000] Using APIC driver default
[    0.000000] ACPI: PM-Timer IO Port: 0x4008
[    0.000000] IOAPIC[0]: apic_id 2, version 32, address 0xfec00000, GSI 0-23
[    0.000000] ACPI: INT_SRC_OVR (bus 0 bus_irq 0 global_irq 2 dfl dfl)
[    0.000000] ACPI: INT_SRC_OVR (bus 0 bus_irq 9 global_irq 9 low level)
[    0.000000] Using ACPI (MADT) for SMP configuration information
[    0.000000] smpboot: Allowing 2 CPUs, 0 hotplug CPUs
[    0.000000] PM: Registered nosave memory: [mem 0x00000000-0x00000fff]
[    0.000000] PM: Registered nosave memory: [mem 0x0009f000-0x0009ffff]
[    0.000000] PM: Registered nosave memory: [mem 0x000a0000-0x000effff]
[    0.000000] PM: Registered nosave memory: [mem 0x000f0000-0x000fffff]
[    0.000000] e820: [mem 0x40000000-0xfebfffff] available for PCI devices
[    0.000000] Booting paravirtualized kernel on KVM
[    0.000000] clocksource: refined-jiffies: mask: 0xffffffff max_cycles: 0xffffffff, max_idle_ns: 7645519600211568 ns
[    0.000000] setup_percpu: NR_CPUS:8 nr_cpumask_bits:8 nr_cpu_ids:2 nr_node_ids:1
[    0.000000] PERCPU: Embedded 18 pages/cpu @f6382000 s43276 r0 d30452 u73728
[    0.000000] Built 1 zonelists in Zone order, mobility grouping on.  Total pages: 259800
[    0.000000] Kernel command line: BOOT_IMAGE=/boot/vmlinuz-4.4.0-184-generic root=LABEL=cloudimg-rootfs ro console=tty1 console=ttyS0
[    0.000000] PID hash table entries: 4096 (order: 2, 16384 bytes)
[    0.000000] Dentry cache hash table entries: 131072 (order: 7, 524288 bytes)
[    0.000000] Inode-cache hash table entries: 65536 (order: 6, 262144 bytes)
[    0.000000] Initializing CPU#0
[    0.000000] Initializing HighMem for node 0 (00037bfe:0003fff0)
[    0.000000] Initializing Movable for node 0 (00000000:00000000)
[    0.000000] Memory: 1008216K/1048120K available (8142K kernel code, 794K rwdata, 3212K rodata, 936K init, 788K bss, 39904K reserved, 0K cma-reserved, 135112K highmem)
[    0.000000] virtual kernel memory layout:
[    0.000000]     fixmap  : 0xfff15000 - 0xfffff000   ( 936 kB)
[    0.000000]     pkmap   : 0xffc00000 - 0xffe00000   (2048 kB)
[    0.000000]     vmalloc : 0xf83fe000 - 0xffbfe000   ( 120 MB)
[    0.000000]     lowmem  : 0xc0000000 - 0xf7bfe000   ( 891 MB)
[    0.000000]       .init : 0xc1be1000 - 0xc1ccb000   ( 936 kB)
[    0.000000]       .data : 0xc17f3ef8 - 0xc1bdfa00   (4014 kB)
[    0.000000]       .text : 0xc1000000 - 0xc17f3ef8   (8143 kB)
[    0.000000] Checking if this processor honours the WP bit even in supervisor mode...Ok.
[    0.000000] SLUB: HWalign=64, Order=0-3, MinObjects=0, CPUs=2, Nodes=1
[    0.000000] Hierarchical RCU implementation.
[    0.000000] 	Build-time adjustment of leaf fanout to 32.
[    0.000000] 	RCU restricting CPUs from NR_CPUS=8 to nr_cpu_ids=2.
[    0.000000] RCU: Adjusting geometry for rcu_fanout_leaf=32, nr_cpu_ids=2
[    0.000000] NR_IRQS:2304 nr_irqs:440 16
[    0.000000] Console: colour VGA+ 80x25
[    0.000000] console [tty1] enabled
[    0.000000] console [ttyS0] enabled
[    0.000000] allocated 1048576 bytes of page_ext
[    0.000000] tsc: Detected 2591.998 MHz processor
[    0.180706] Calibrating delay loop (skipped) preset value.. 5183.99 BogoMIPS (lpj=10367992)
[    0.182123] pid_max: default: 32768 minimum: 301
[    0.182892] ACPI: Core revision 20150930
[    0.184200] ACPI: 2 ACPI AML tables successfully acquired and loaded
[    0.185319] Security Framework initialized
[    0.186017] Yama: becoming mindful.
[    0.186644] AppArmor: AppArmor initialized
[    0.187359] Mount-cache hash table entries: 2048 (order: 1, 8192 bytes)
[    0.188452] Mountpoint-cache hash table entries: 2048 (order: 1, 8192 bytes)
[    0.189690] Initializing cgroup subsys io
[    0.190494] Initializing cgroup subsys memory
[    0.191519] Initializing cgroup subsys devices
[    0.192292] Initializing cgroup subsys freezer
[    0.193036] Initializing cgroup subsys net_cls
[    0.193778] Initializing cgroup subsys perf_event
[    0.194553] Initializing cgroup subsys net_prio
[    0.195309] Initializing cgroup subsys hugetlb
[    0.196073] Initializing cgroup subsys pids
[    0.198744] mce: CPU supports 0 MCE banks
[    0.199613] Last level iTLB entries: 4KB 64, 2MB 8, 4MB 8
[    0.200510] Last level dTLB entries: 4KB 64, 2MB 0, 4MB 0, 1GB 4
[    0.201467] Spectre V1 : Mitigation: usercopy/swapgs barriers and __user pointer sanitization
[    0.202857] Spectre V2 : Mitigation: Full generic retpoline
[    0.203740] Spectre V2 : Spectre v2 / SpectreRSB mitigation: Filling RSB on context switch
[    0.205217] Speculative Store Bypass: Vulnerable
[    0.205979] SRBDS: Unknown: Dependent on hypervisor status
[    0.206911] MDS: Mitigation: Clear CPU buffers
[    0.210316] Freeing SMP alternatives memory: 36K
[    0.215217] ftrace: allocating 31604 entries in 62 pages
[    0.262537] smpboot: APIC(0) Converting physical 0 to logical package 0
[    0.264113] smpboot: Max logical packages: 1
[    0.264857] Enabling APIC mode:  Flat.  Using 1 I/O APICs
[    0.266554] ..TIMER: vector=0x30 apic1=0 pin1=2 apic2=-1 pin2=-1
[    0.375590] smpboot: CPU0: Intel(R) Core(TM) i7-9750H CPU @ 2.60GHz (family: 0x6, model: 0x9e, stepping: 0xa)
[    0.377895] Performance Events: unsupported p6 CPU model 158 no PMU driver, software events only.
[    0.385926] KVM setup paravirtual spinlock
[    0.387449] x86: Booting SMP configuration:
[    0.388503] .... node  #0, CPUs:      #1
[1266874886.213969] Initializing CPU#1
[    0.389977] kvm-clock: cpu 1, msr 0:37bfd041, secondary cpu clock
[    0.393250] mce: CPU supports 0 MCE banks
[    0.395762] x86: Booted up 1 node, 2 CPUs
[    0.396582] smpboot: Total of 2 processors activated (10367.99 BogoMIPS)
[    0.398176] devtmpfs: initialized
[    0.399604] evm: security.selinux
[    0.400265] evm: security.SMACK64
[    0.400870] evm: security.SMACK64EXEC
[    0.401513] evm: security.SMACK64TRANSMUTE
[    0.402210] evm: security.SMACK64MMAP
[    0.402852] evm: security.ima
[    0.403403] evm: security.capability
[    0.404556] clocksource: jiffies: mask: 0xffffffff max_cycles: 0xffffffff, max_idle_ns: 7645041785100000 ns
[    0.406265] futex hash table entries: 512 (order: 3, 32768 bytes)
[    0.407386] pinctrl core: initialized pinctrl subsystem
[    0.408314] RTC time: 19:21:38, date: 06/25/20
[    0.409169] NET: Registered protocol family 16
[    0.410039] EISA bus registered
[    0.419482] cpuidle: using governor ladder
[    0.430969] cpuidle: using governor menu
[    0.432240] PCCT header not found.
[    0.433427] ACPI: bus type PCI registered
[    0.434359] acpiphp: ACPI Hot Plug PCI Controller Driver version: 0.5
[    0.436173] PCI : PCI BIOS area is rw and x. Use pci=nobios if you want it NX.
[    0.437917] PCI: PCI BIOS revision 2.10 entry at 0xfda26, last bus=0
[    0.439281] PCI: Using configuration type 1 for base access
[    0.452482] ACPI: Added _OSI(Module Device)
[    0.453630] ACPI: Added _OSI(Processor Device)
[    0.454605] ACPI: Added _OSI(3.0 _SCP Extensions)
[    0.455742] ACPI: Added _OSI(Processor Aggregator Device)
[    0.457711] ACPI: Executed 1 blocks of module-level executable AML code
[    0.460703] ACPI: Interpreter enabled
[    0.461500] ACPI: (supports S0 S5)
[    0.462239] ACPI: Using IOAPIC for interrupt routing
[    0.470998] PCI: Using host bridge windows from ACPI; if necessary, use "pci=nocrs" and report a bug
[    0.476529] ACPI: PCI Root Bridge [PCI0] (domain 0000 [bus 00-ff])
[    0.477921] acpi PNP0A03:00: _OSC: OS supports [ASPM ClockPM Segments MSI]
[    0.479283] acpi PNP0A03:00: _OSC: not requesting OS control; OS requires [ExtendedConfig ASPM ClockPM MSI]
[    0.480994] acpi PNP0A03:00: fail to add MMCONFIG information, can't access extended PCI configuration space under this bridge.
[    0.483021] PCI host bridge to bus 0000:00
[    0.483824] pci_bus 0000:00: root bus resource [io  0x0000-0x0cf7 window]
[    0.485388] pci_bus 0000:00: root bus resource [io  0x0d00-0xffff window]
[    0.486745] pci_bus 0000:00: root bus resource [mem 0x000a0000-0x000bffff window]
[    0.488370] pci_bus 0000:00: root bus resource [mem 0x40000000-0xfdffffff window]
[    0.489635] pci_bus 0000:00: root bus resource [bus 00-ff]
[    0.492235] pci 0000:00:01.1: legacy IDE quirk: reg 0x10: [io  0x01f0-0x01f7]
[    0.493446] pci 0000:00:01.1: legacy IDE quirk: reg 0x14: [io  0x03f6]
[    0.494456] pci 0000:00:01.1: legacy IDE quirk: reg 0x18: [io  0x0170-0x0177]
[    0.495593] pci 0000:00:01.1: legacy IDE quirk: reg 0x1c: [io  0x0376]
[    0.505296] pci 0000:00:07.0: quirk: [io  0x4000-0x403f] claimed by PIIX4 ACPI
[    0.506965] pci 0000:00:07.0: quirk: [io  0x4100-0x410f] claimed by PIIX4 SMB
[    0.511263] ACPI: PCI Interrupt Link [LNKA] (IRQs 5 9 10 *11)
[    0.512702] ACPI: PCI Interrupt Link [LNKB] (IRQs 5 9 *10 11)
[    0.514307] ACPI: PCI Interrupt Link [LNKC] (IRQs 5 *9 10 11)
[    0.515610] ACPI: PCI Interrupt Link [LNKD] (IRQs 5 9 10 *11)
[    0.516901] ACPI: Enabled 2 GPEs in block 00 to 07
[    0.518038] vgaarb: setting as boot device: PCI:0000:00:02.0
[    0.518938] vgaarb: device added: PCI:0000:00:02.0,decodes=io+mem,owns=io+mem,locks=none
[    0.520339] vgaarb: loaded
[    0.520843] vgaarb: bridge control possible 0000:00:02.0
[    0.521879] SCSI subsystem initialized
[    0.522666] ACPI: bus type USB registered
[    0.523407] usbcore: registered new interface driver usbfs
[    0.524295] usbcore: registered new interface driver hub
[    0.525168] usbcore: registered new device driver usb
[    0.526543] PCI: Using ACPI for IRQ routing
[    0.527516] NetLabel: Initializing
[    0.528136] NetLabel:  domain hash size = 128
[    0.528878] NetLabel:  protocols = UNLABELED CIPSOv4
[    0.529743] NetLabel:  unlabeled traffic allowed by default
[    0.530904] amd_nb: Cannot enumerate AMD northbridges
[    0.532171] clocksource: Switched to clocksource kvm-clock
[    0.539111] AppArmor: AppArmor Filesystem Enabled
[    0.540419] pnp: PnP ACPI init
[    0.541740] pnp: PnP ACPI: found 3 devices
[    0.542429] PnPBIOS: Disabled by ACPI PNP
[    0.582759] clocksource: acpi_pm: mask: 0xffffff max_cycles: 0xffffff, max_idle_ns: 2085701024 ns
[    0.584814] NET: Registered protocol family 2
[    0.585839] TCP established hash table entries: 8192 (order: 3, 32768 bytes)
[    0.587489] TCP bind hash table entries: 8192 (order: 4, 65536 bytes)
[    0.588937] TCP: Hash tables configured (established 8192 bind 8192)
[    0.589905] UDP hash table entries: 512 (order: 2, 16384 bytes)
[    0.590810] UDP-Lite hash table entries: 512 (order: 2, 16384 bytes)
[    0.591786] NET: Registered protocol family 1
[    0.592527] pci 0000:00:00.0: Limiting direct PCI/PCI transfers
[    0.593456] pci 0000:00:01.0: Activating ISA DMA hang workarounds
[    0.594492] Unpacking initramfs...
[    0.764087] Freeing initrd memory: 14484K
[    0.765282] clocksource: tsc: mask: 0xffffffffffffffff max_cycles: 0x255cb518234, max_idle_ns: 440795279333 ns
[    0.767757] platform rtc_cmos: registered platform RTC device (no PNP device found)
[    0.770081] Scanning for low memory corruption every 60 seconds
[    0.771361] audit: initializing netlink subsys (disabled)
[    0.772266] audit: type=2000 audit(1593112903.787:1): initialized
[    0.773474] Initialise system trusted keyring
[    0.774689] HugeTLB registered 2 MB page size, pre-allocated 0 pages
[    0.776581] zbud: loaded
[    0.777300] VFS: Disk quotas dquot_6.6.0
[    0.778108] VFS: Dquot-cache hash table entries: 1024 (order 0, 4096 bytes)
[    0.779296] squashfs: version 4.0 (2009/01/31) Phillip Lougher
[    0.780542] fuse init (API version 7.23)
[    0.781311] Key type big_key registered
[    0.781966] Allocating IMA MOK and blacklist keyrings.
[    0.784981] Key type asymmetric registered
[    0.785711] Asymmetric key parser 'x509' registered
[    0.786511] bounce: pool size: 64 pages
[    0.787190] Block layer SCSI generic (bsg) driver version 0.4 loaded (major 249)
[    0.789182] io scheduler noop registered
[    0.789901] io scheduler deadline registered (default)
[    0.790749] io scheduler cfq registered
[    0.791467] pci_hotplug: PCI Hot Plug PCI Core version: 0.5
[    0.792710] pciehp: PCI Express Hot Plug Controller Driver version: 0.4
[    0.794044] ACPI: AC Adapter [AC] (on-line)
[    0.794788] input: Power Button as /devices/LNXSYSTM:00/LNXPWRBN:00/input/input0
[    0.796027] ACPI: Power Button [PWRF]
[    0.797086] input: Sleep Button as /devices/LNXSYSTM:00/LNXSLPBN:00/input/input1
[    0.798654] ACPI: Sleep Button [SLPF]
[    0.799564] GHES: HEST is not enabled!
[    0.800304] Serial: 8250/16550 driver, 32 ports, IRQ sharing enabled
[    0.801422] ACPI: Battery Slot [BAT0] (battery present)
[    0.801441] isapnp: Scanning for PnP cards...
[    0.824054] 00:02: ttyS0 at I/O 0x3f8 (irq = 4, base_baud = 115200) is a 16550A
[    0.826153] Linux agpgart interface v0.103
[    0.828857] loop: module loaded
[    0.830011] scsi host0: ata_piix
[    0.830701] scsi host1: ata_piix
[    0.831517] ata1: PATA max UDMA/33 cmd 0x1f0 ctl 0x3f6 bmdma 0xd000 irq 14
[    0.832768] ata2: PATA max UDMA/33 cmd 0x170 ctl 0x376 bmdma 0xd008 irq 15
[    0.834245] libphy: Fixed MDIO Bus: probed
[    0.835354] tun: Universal TUN/TAP device driver, 1.6
[    0.836242] tun: (C) 1999-2004 Max Krasnyansky <maxk@qualcomm.com>
[    0.837353] PPP generic driver version 2.4.2
[    0.838118] ehci_hcd: USB 2.0 'Enhanced' Host Controller (EHCI) Driver
[    0.839145] ehci-pci: EHCI PCI platform driver
[    0.839905] ehci-platform: EHCI generic platform driver
[    0.840818] ohci_hcd: USB 1.1 'Open' Host Controller (OHCI) Driver
[    0.841796] ohci-pci: OHCI PCI platform driver
[    0.842791] ohci-platform: OHCI generic platform driver
[    0.844057] uhci_hcd: USB Universal Host Controller Interface driver
[    0.845249] i8042: PNP: PS/2 Controller [PNP0303:PS2K,PNP0f03:PS2M] at 0x60,0x64 irq 1,12
[    0.847034] serio: i8042 KBD port at 0x60,0x64 irq 1
[    0.847858] serio: i8042 AUX port at 0x60,0x64 irq 12
[    0.848794] mousedev: PS/2 mouse device common for all mice
[    0.849882] input: AT Translated Set 2 keyboard as /devices/platform/i8042/serio0/input/input2
[    0.852111] rtc_cmos rtc_cmos: rtc core: registered rtc_cmos as rtc0
[    0.853207] rtc_cmos rtc_cmos: alarms up to one day, 114 bytes nvram
[    0.854217] i2c /dev entries driver
[    0.854879] device-mapper: uevent: version 1.0.3
[    0.855688] device-mapper: ioctl: 4.34.0-ioctl (2015-10-28) initialised: dm-devel@redhat.com
[    0.857198] platform eisa.0: Probing EISA bus 0
[    0.857965] platform eisa.0: EISA: Cannot allocate resource for mainboard
[    0.859434] platform eisa.0: Cannot allocate resource for EISA slot 1
[    0.860630] platform eisa.0: Cannot allocate resource for EISA slot 2
[    0.861659] platform eisa.0: Cannot allocate resource for EISA slot 3
[    0.862722] platform eisa.0: Cannot allocate resource for EISA slot 4
[    0.863771] platform eisa.0: Cannot allocate resource for EISA slot 5
[    0.864818] platform eisa.0: Cannot allocate resource for EISA slot 6
[    0.865827] platform eisa.0: Cannot allocate resource for EISA slot 7
[    0.866836] platform eisa.0: Cannot allocate resource for EISA slot 8
[    0.867996] platform eisa.0: EISA: Detected 0 cards
[    0.869104] cpufreq-nforce2: No nForce2 chipset.
[    0.869945] ledtrig-cpu: registered to indicate activity on CPUs
[    0.871061] NET: Registered protocol family 10
[    0.871938] NET: Registered protocol family 17
[    0.872739] Key type dns_resolver registered
[    0.873563] Using IPI No-Shortcut mode
[    0.874301] registered taskstats version 1
[    0.875016] Loading compiled-in X.509 certificates
[    0.877501] Loaded X.509 cert 'Build time autogenerated kernel key: 8e5a23f0f0d7a0217bcbfb7bcb1ef40392f1e542'
[    0.879106] zswap: loaded using pool lzo/zbud
[    0.885409] Key type trusted registered
[    0.887965] Key type encrypted registered
[    0.889200] AppArmor: AppArmor sha1 policy hashing enabled
[    0.890429] ima: No TPM chip found, activating TPM-bypass!
[    0.891332] ima: Allocated hash algorithm: sha1
[    0.892118] evm: HMAC attrs: 0x1
[    0.893092]   Magic number: 8:717:395
[    0.893766] pci 0000:00:07.0: hash matches
[    0.894532] rtc_cmos rtc_cmos: setting system clock to 2020-06-25 19:21:39 UTC (1593112899)
[    0.896090] BIOS EDD facility v0.16 2004-Jun-25, 0 devices found
[    0.897094] EDD information not available.
[    1.158685] isapnp: No Plug & Play device found
[    1.160053] Freeing unused kernel memory: 936K
[    1.161103] Write protecting the kernel text: 8144k
[    1.161988] Write protecting the kernel read-only data: 3220k
[    1.162903] NX-protecting the kernel data: 6192k
Loading, please wait...
starting version 229
[    1.173678] random: systemd-udevd: uninitialized urandom read (16 bytes read, 0 bits of entropy available)
[    1.174228] random: udevadm: uninitialized urandom read (16 bytes read, 0 bits of entropy available)
[    1.177055] random: systemd-udevd: uninitialized urandom read (16 bytes read, 0 bits of entropy available)
[    1.178756] random: systemd-udevd: uninitialized urandom read (16 bytes read, 0 bits of entropy available)
[    1.182086] random: udevadm: uninitialized urandom read (16 bytes read, 0 bits of entropy available)
[    1.183293] random: systemd-udevd: uninitialized urandom read (16 bytes read, 0 bits of entropy available)
[    1.192354] random: udevadm: uninitialized urandom read (16 bytes read, 0 bits of entropy available)
[    1.194017] random: udevadm: uninitialized urandom read (16 bytes read, 0 bits of entropy available)
[    1.195622] random: udevadm: uninitialized urandom read (16 bytes read, 0 bits of entropy available)
[    1.197622] random: udevadm: uninitialized urandom read (16 bytes read, 0 bits of entropy available)
[    1.222839] e1000: Intel(R) PRO/1000 Network Driver - version 7.3.21-k8-NAPI
[    1.223969] e1000: Copyright (c) 1999-2006 Intel Corporation.
[    1.242484] Fusion MPT base driver 3.04.20
[    1.243523] Copyright (c) 1999-2008 LSI Corporation
[    1.265984] Fusion MPT SPI Host driver 3.04.20
[    1.421779] input: ImExPS/2 Generic Explorer Mouse as /devices/platform/i8042/serio1/input/input4
[    1.585981] e1000 0000:00:03.0 eth0: (PCI:33MHz:32-bit) 02:29:a5:e4:a8:c1
[    1.587747] e1000 0000:00:03.0 eth0: Intel(R) PRO/1000 Network Connection
[    1.589983] mptbase: ioc0: Initiating bringup
[    1.591600] e1000 0000:00:03.0 enp0s3: renamed from eth0
[    1.836716] ioc0: LSI53C1030 A0: Capabilities={Initiator}
[    3.595673] scsi host2: ioc0: LSI53C1030 A0, FwRev=00000000h, Ports=1, MaxQ=256, IRQ=20
[    4.493204] scsi 2:0:0:0: Direct-Access     VBOX     HARDDISK         1.0  PQ: 0 ANSI: 5
[    4.495062] scsi target2:0:0: Beginning Domain Validation
[    4.497017] scsi target2:0:0: Domain Validation skipping write tests
[    4.498259] scsi target2:0:0: Ending Domain Validation
[    4.499668] scsi target2:0:0: asynchronous
[    4.501226] scsi 2:0:1:0: Direct-Access     VBOX     HARDDISK         1.0  PQ: 0 ANSI: 5
[    4.502978] scsi target2:0:1: Beginning Domain Validation
[    4.505240] scsi target2:0:1: Domain Validation skipping write tests
[    4.506448] scsi target2:0:1: Ending Domain Validation
[    4.507497] scsi target2:0:1: asynchronous
[    4.513835] sd 2:0:0:0: Attached scsi generic sg0 type 0
[    4.515208] sd 2:0:0:0: [sda] 20971520 512-byte logical blocks: (10.7 GB/10.0 GiB)
[    4.517033] sd 2:0:1:0: Attached scsi generic sg1 type 0
[    4.517045] sd 2:0:1:0: [sdb] 20480 512-byte logical blocks: (10.5 MB/10.0 MiB)
[    4.519867] sd 2:0:1:0: [sdb] Write Protect is off
[    4.519872] sd 2:0:0:0: [sda] Write Protect is off
[    4.519944] sd 2:0:0:0: [sda] Incomplete mode parameter data
[    4.519945] sd 2:0:0:0: [sda] Assuming drive cache: write through
[    4.521157]  sda: sda1
[    4.521758] sd 2:0:0:0: [sda] Attached SCSI disk
[    4.526212] sd 2:0:1:0: [sdb] Incomplete mode parameter data
[    4.527274] sd 2:0:1:0: [sdb] Assuming drive cache: write through
[    4.530524] sd 2:0:1:0: [sdb] Attached SCSI disk
Begin: Loading essential drivers ... [    5.979531] md: linear personality registered for level -1
[    5.984018] md: multipath personality registered for level -4
[    5.988334] md: raid0 personality registered for level 0
[    5.993772] md: raid1 personality registered for level 1
[    6.068258] raid6: mmxx1    gen()  8385 MB/s
[    6.136377] raid6: mmxx2    gen()  8661 MB/s
[    6.204670] raid6: sse1x1   gen()  6346 MB/s
[    6.272329] raid6: sse1x2   gen()  8772 MB/s
[    6.340663] raid6: sse2x1   gen() 13338 MB/s
[    6.408385] raid6: sse2x1   xor() 10590 MB/s
[    6.476379] raid6: sse2x2   gen() 17976 MB/s
[    6.544362] raid6: sse2x2   xor() 12470 MB/s
[    6.612411] raid6: avx2x1   gen() 29656 MB/s
[    6.680370] raid6: avx2x2   gen() 32021 MB/s
[    6.681364] raid6: using algorithm avx2x2 gen() 32021 MB/s
[    6.682434] raid6: using avx2x1 recovery algorithm
[    6.685568] xor: automatically using best checksumming function:
[    6.724275]    avx       : 39469.000 MB/sec
[    6.727313] async_tx: api initialized (async)
[    6.742830] md: raid6 personality registered for level 6
[    6.744040] md: raid5 personality registered for level 5
[    6.745133] md: raid4 personality registered for level 4
[    6.752115] md: raid10 personality registered for level 10
done.
Begin: Running /scripts/init-premount ... done.
Begin: Mounting root file system ... Begin: Running /scripts/local-top ... done.
Begin: Running /scripts/local-premount ... [    6.782817] Btrfs loaded
Scanning for Btrfs filesystems
done.
Warning: fsck not present, so skipping root file system
[    6.802873] EXT4-fs (sda1): mounted filesystem with ordered data mode. Opts: (null)
done.
Begin: Running /scripts/local-bottom ... done.
Begin: Running /scripts/init-bottom ... done.
[    6.883781] systemd[1]: systemd 229 running in system mode. (+PAM +AUDIT +SELINUX +IMA +APPARMOR +SMACK +SYSVINIT +UTMP +LIBCRYPTSETUP +GCRYPT +GNUTLS +ACL +XZ -LZ4 +SECCOMP +BLKID +ELFUTILS +KMOD -IDN)
[    6.886736] systemd[1]: Detected virtualization oracle.
[    6.887616] systemd[1]: Detected architecture x86.

Welcome to [1mUbuntu 16.04.6 LTS[0m!

[    6.891077] systemd[1]: Set hostname to <ubuntu>.
[    6.895766] systemd[1]: Initializing machine ID from random generator.
[    6.896887] systemd[1]: Installed transient /etc/machine-id file.
[    6.998608] systemd[1]: Reached target System Time Synchronized.
[[0;32m  OK  [0m] Reached target System Time Synchronized.
[    7.000558] systemd[1]: Started Trigger resolvconf update for networkd DNS.
[[0;32m  OK  [0m] Started Trigger resolvconf update for networkd DNS.
[    7.002682] systemd[1]: Listening on Journal Audit Socket.
[[0;32m  OK  [0m] Listening on Journal Audit Socket.
[    7.004428] systemd[1]: Listening on /dev/initctl Compatibility Named Pipe.
[[0;32m  OK  [0m] Listening on /dev/initctl Compatibility Named Pipe.
[    7.006544] systemd[1]: Listening on Journal Socket.
[[0;32m  OK  [0m] Listening on Journal Socket.
[    7.008171] systemd[1]: Started Forward Password Requests to Wall Directory Watch.
[[0;32m  OK  [0m] Started Forward Password Requests to Wall Directory Watch.
[    7.010563] systemd[1]: Listening on Device-mapper event daemon FIFOs.
[[0;32m  OK  [0m] Listening on Device-mapper event daemon FIFOs.
[    7.012424] systemd[1]: Set up automount Arbitrary Executable File Formats File System Automount Point.
[[0;32m  OK  [0m] Set up automount Arbitrary Executab...ats File System Automount Point.
[    7.015360] systemd[1]: Created slice System Slice.
[[0;32m  OK  [0m] Created slice System Slice.
[    7.029264] systemd[1]: Starting Uncomplicated firewall...
         Starting Uncomplicated firewall...
[    7.032411] systemd[1]: Mounting Debug File System...
         Mounting Debug File System...
[    7.034844] systemd[1]: Starting Set console keymap...
         Starting Set console keymap...
[    7.036789] systemd[1]: Listening on Journal Socket (/dev/log).
[[0;32m  OK  [0m] Listening on Journal Socket (/dev/log).
[    7.038997] systemd[1]: Listening on udev Control Socket.
[[0;32m  OK  [0m] Listening on udev Control Socket.
[    7.048875] systemd[1]: Mounting Huge Pages File System...
         Mounting Huge Pages File System...
[    7.057167] systemd[1]: Mounting POSIX Message Queue File System...
         Mounting POSIX Message Queue File System...
[    7.059722] systemd[1]: Starting Nameserver information manager...
         Starting Nameserver information manager...
[    7.061988] systemd[1]: Reached target Encrypted Volumes.
[[0;32m  OK  [0m] Reached target Encrypted Volumes.
[    7.064325] systemd[1]: Listening on udev Kernel Socket.
[[0;32m  OK  [0m] Listening on udev Kernel Socket.
[    7.076060] systemd[1]: Starting Load Kernel Modules...
         Starting Load Kernel Modules...
[    7.078998] systemd[1]: Reached target Swap.
[[0;32m  OK  [0m] Reached target Swap.
[    7.081161] systemd[1]: Reached target User and Group Name Lookups.
[[0;32m  OK  [0m] Reached target User and Group Name Lookups.
[    7.084201] systemd[1]: Starting Remount Root and Kernel File Systems...
         Starting Remount Root and Kernel File Systems...
[    7.086596] systemd[1]: Created slice system-serial\x2dgetty.slice.
[[0;32m  OK  [0m] Created slice system-serial\x2dgetty.slice.
[    7.089110] Loading iSCSI transport class v2.0-870.
[    7.089587] EXT4-fs (sda1): re-mounted. Opts: (null)
[    7.091359] systemd[1]: Listening on LVM2 poll daemon socket.
[[0;32m  OK  [0m] Listening on LVM2 poll daemon socket.

    7.100259] iscsi: registered transport (tcp)
[    7.100569] systemd[1]: Created slice User and Session Slice.
[[0;32m  OK  [0m] Created slice User and Session Slice.
[    7.102892] systemd[1]: Reached target Slices.
[[0;32m  OK  [0m] Reached target Slices.
[    7.120370] systemd[1]: Starting Create list of required static device nodes for the current kernel...
         Starting Create list of required st... nodes for the current kernel...
[    7.128719] systemd[1]: Listening on LVM2 metadata daemon socket.
[[0;32m  OK  [0m] Listening on LVM2 metadata daemon socket.
[    7.131647] systemd[1]: Starting Monitoring of LVM2 mirrors, snapshots etc. using dmeventd or progress polling...
         Starting Monitoring of LVM2 mirrors... dmeventd or progress polling...
[    7.134858] systemd[1]: Listening on Syslog Socket.
[    7.135858] iscsi: registered transport (iser)
[[0;32m  OK  [0m] Listening on Syslog Socket.
[    7.137965] systemd[1]: Starting Journal Service...
         Starting Journal Service...
[    7.141731] systemd[1]: Mounted Huge Pages File System.
[[0;32m  OK  [0m] Mounted Huge Pages File System.
[    7.143561] systemd[1]: Mounted POSIX Message Queue File System.
[[0;32m  OK  [0m] Mounted POSIX Message Queue File System.
[    7.146203] systemd[1]: Mounted Debug File System.
[[0;32m  OK  [0m] Mounted Debug File System.
[    7.149819] systemd[1]: Started Uncomplicated firewall.
[[0;32m  OK  [0m] Started Uncomplicated firewall.
[    7.152069] systemd[1]: Started Set console keymap.
[[0;32m  OK  [0m] Started Set console keymap.
[    7.169855] systemd[1]: Started Load Kernel Modules.
[[0;32m  OK  [0m] Started Load Kernel Modules.
[    7.177438] systemd[1]: Started Remount Root and Kernel File Systems.
[[0;32m  OK  [0m] Started Remount Root and Kernel File Systems.
[    7.180560] systemd[1]: Started Create list of required static device nodes for the current kernel.
[[0;32m  OK  [0m] Started Create list of required sta...ce nodes for the current kernel.
[    7.197061] systemd[1]: Started Nameserver information manager.
[[0;32m  OK  [0m] Started Nameserver information manager.
[    7.202291] systemd[1]: Started Journal Service.
[[0;32m  OK  [0m] Started Journal Service.
[[0;32m  OK  [0m] Started LVM2 metadata daemon.
         Starting Create Static Device Nodes in /dev...
         Starting Flush Journal to Persistent Storage...
         Starting Load/Save Random Seed...
         Starting udev Coldplug all Devices...
         Mounting FUSE Control File System...
         Starting Apply Kernel Variables...
[[0;32m  OK  [0m] Mounted FUSE Control File System.
[[0;32m  OK  [0m] Started Load/Save Random Seed.
[    7.227705] systemd-journald[416]: Received request to flush runtime journal from PID 1
[[0;32m  OK  [0m] Started Apply Kernel Variables.
[[0;32m  OK  [0m] Started Flush Journal to Persistent Storage.
[[0;32m  OK  [0m] Started Create Static Device Nodes in /dev.
         Starting udev Kernel Device Manager...
[[0;32m  OK  [0m] Started udev Kernel Device Manager.
[[0;32m  OK  [0m] Started udev Coldplug all Devices.
[[0;32m  OK  [0m] Started Monitoring of LVM2 mirrors,...ng dmeventd or progress polling.
[[0;32m  OK  [0m] Reached target Local File Systems (Pre).
[[0;32m  OK  [0m] Reached target Local File Systems.
         Starting Tell Plymouth To Write Out Runtime Data...
         Starting Set console font and keymap...
         Starting LSB: AppArmor initialization...
         Starting Commit a transient machine-id on disk...
         Starting Create Volatile Files and Directories...
         Starting Initial cloud-init job (pre-networking)...
[[0;32m  OK  [0m] Started Dispatch Password Requests to Console Directory Watch.
[[0;32m  OK  [0m] Started Tell Plymouth To Write Out Runtime Data.
[[0;32m  OK  [0m] Started Create Volatile Files and Directories.
         Starting Update UTMP about System Boot/Shutdown...
[[0;32m  OK  [0m] Started Update UTMP about System Boot/Shutdown.
[[0;32m  OK  [0m] Started Commit a transient machine-id on disk.
[[0;32m  OK  [0m] Found device /dev/ttyS0.
[[0;32m  OK  [0m] Listening on Load/Save RF Kill Switch Status /dev/rfkill Watch.
[[0;32m  OK  [0m] Started Set console font and keymap.
[[0;32m  OK  [0m] Created slice system-getty.slice.
[[0;32m  OK  [0m] Started LSB: AppArmor initialization.
[    8.056366] cloud-init[510]: Cloud-init v. 19.4-33-gbb4131a2-0ubuntu1~16.04.1 running 'init-local' at Thu, 25 Jun 2020 19:21:46 +0000. Up 7.72 seconds.
[[0;32m  OK  [0m] Started Initial cloud-init job (pre-networking).
[[0;32m  OK  [0m] Reached target Network (Pre).
         Starting Raise network interfaces...
[[0;32m  OK  [0m] Started Raise network interfaces.
[[0;32m  OK  [0m] Reached target Network.
         Starting Initial cloud-init job (metadata service crawler)...
[    9.004046] cloud-init[948]: Cloud-init v. 19.4-33-gbb4131a2-0ubuntu1~16.04.1 running 'init' at Thu, 25 Jun 2020 19:21:47 +0000. Up 8.50 seconds.
[    9.016637] cloud-init[948]: ci-info: ++++++++++++++++++++++++++++++++++++++Net device info++++++++++++++++++++++++++++++++++++++
[    9.026577] cloud-init[948]: ci-info: +--------+------+----------------------------+---------------+--------+-------------------+
[[0;32m  OK  [0m] Started Initial cloud-init job (metadata service crawler).
[[0;32m  OK  [0m] Reached target Network is Online.
[    9.038273] cloud-init[948]: ci-info: | Device |  Up  |          Address           |      Mask     | Scope  |     Hw-Address    |
[    9.056768] cloud-init[948]: ci-info: +--------+------+----------------------------+---------------+--------+-------------------+
[    9.058362] cloud-init[948]: ci-info: | enp0s3 | True |         10.0.2.15          | 255.255.255.0 | global | 02:29:a5:e4:a8:c1 |
[    9.064183] cloud-init[948]: ci-info: | enp0s3 | True | fe80::29:a5ff:fee4:a8c1/64 |       .       |  link  | 02:29:a5:e4:a8:c1 |
[    9.066129] cloud-init[948]: ci-info: |   lo   | True |         127.0.0.1          |   255.0.0.0   |  host  |         .         |
[    9.066324] cloud-init[948]: ci-info: |   lo   | True |          ::1/128           |       .       |  host  |         .         |
[    9.066955] cloud-init[948]: ci-info: +--------+------+----------------------------+---------------+--------+-------------------+
[    9.067545] cloud-init[948]: ci-info: +++++++++++++++++++++++++++Route IPv4 info++++++++++++++++++++++++++++
[    9.068358] cloud-init[948]: ci-info: +-------+-------------+----------+---------------+-----------+-------+
[    9.068928] cloud-init[948]: ci-info: | Route | Destination | Gateway  |    Genmask    | Interface | Flags |
[    9.069705] cloud-init[948]: ci-info: +-------+-------------+----------+---------------+-----------+-------+
[    9.070272] cloud-init[948]: ci-info: |   0   |   0.0.0.0   | 10.0.2.2 |    0.0.0.0    |   enp0s3  |   UG  |
[    9.070843] cloud-init[948]: ci-info: |   1   |   10.0.2.0  | 0.0.0.0  | 255.255.255.0 |   enp0s3  |   U   |
[    9.071416] cloud-init[948]: ci-info: +-------+-------------+----------+---------------+-----------+-------+
[    9.072013] cloud-init[948]: ci-info: +++++++++++++++++++Route IPv6 info+++++++++++++++++++
[    9.072574] cloud-init[948]: ci-info: +-------+-------------+---------+-----------+-------+
[    9.073139] cloud-init[948]: ci-info: | Route | Destination | Gateway | Interface | Flags |
[    9.073689] cloud-init[948]: ci-info: +-------+-------------+---------+-----------+-------+
[    9.074211] cloud-init[948]: ci-info: |   0   |  fe80::/64  |    ::   |   enp0s3  |   U   |
[    9.074580] cloud-init[948]: ci-info: |   3   |   ff00::/8  |    ::   |   enp0s3  |   U   |
[    9.075157] cloud-init[948]: ci-info: +-------+-------------+---------+-----------+-------+
[    9.075756] cloud-init[948]: Generating public/private rsa key pair.
[    9.076481] cloud-init[948]: Your identification has been saved in /etc/ssh/ssh_host_rsa_key.
[    9.077038] cloud-init[948]: Your public key has been saved in /etc/ssh/ssh_host_rsa_key.pub.
[    9.077575] cloud-init[948]: The key fingerprint is:
[    9.078110] cloud-init[948]: SHA256:+xV5vkc77gTaFSH0lioXjuR4aQDoaM3Dz5QYqsuUm/s root@ubuntu-xenial
[    9.078649] cloud-init[948]: The key's randomart image is:
[    9.079188] cloud-init[948]: +---[RSA 2048]----+
[    9.079733] cloud-init[948]: |      ..    .o . |
[    9.080460] cloud-init[948]: |     o  .     o o|
[    9.080827] cloud-init[948]: |    B o .. . . = |
[    9.080954] cloud-init[948]: |   + B o  = +.+ .|
[    9.081508] cloud-init[948]: |  +   = S. Bo=.. |
[    9.082038] cloud-init[948]: | +     o .o =+o .|
[    9.082569] cloud-init[948]: |o +     .  ....o.|
[    9.083099] cloud-init[948]: | =       . .  .+.|
[    9.083631] cloud-init[948]: | .oE      .   ++.|
[    9.084356] cloud-init[948]: +----[SHA256]-----+
[    9.084878] cloud-init[948]: Generating public/private dsa key pair.
[    9.085367] cloud-init[948]: Your identification has been saved in /etc/ssh/ssh_host_dsa_key.
[    9.085598] cloud-init[948]: Your public key has been saved in /etc/ssh/ssh_host_dsa_key.pub.
         Starting iSCSI initiator daemon (iscsid)...
[    9.085820] cloud-init[948]: The key fingerprint is:
[[0;32m  OK  [0m] Reached target System Initialization.
[    9.100827] cloud-init[948]: SHA256:PkSk4lsb/sYpgIvv7t8nZEqYlKCz7bhsUFvf1ith0X8 root@ubuntu-xenial
[    9.102338] cloud-init[948]: The key's randomart image is:
[    9.102510] cloud-init[948]: +---[DSA 1024]----+
[[0;32m  OK  [0m] Listening on D-Bus System Message Bus Socket.
[    9.102548] cloud-init[948]: |        .        |
         Starting LXD - unix socket.[    9.105584] cloud-init[948]: |.      o         |
[    9.105707] cloud-init[948]: |.. .. . ..       |
[    9.106159] cloud-init[948]: |o +... .. .      |
[    9.106607] cloud-init[948]: | * *..o.So .     |
[    9.107056] cloud-init[948]: |o * o++== . . E  |
[    9.107504] cloud-init[948]: |.+ o.=o+oo . .   |
[    9.107952] cloud-init[948]: |+.o ..o.*..      |
[    9.108445] cloud-init[948]: |oB=.. .=..       |
[    9.108876] cloud-init[948]: +----[SHA256]-----+
[    9.109324] cloud-init[948]: Generating public/private ecdsa key pair.
[    9.109771] cloud-init[948]: Your identification has been saved in /etc/ssh/ssh_host_ecdsa_key.
[    9.110220] cloud-init[948]: Your public key has been saved in /etc/ssh/ssh_host_ecdsa_key.pub.
[    9.110667] cloud-init[948]: The key fingerprint is:
[    9.111116] cloud-init[948]: SHA256:v0XJGZkZ8VqW9gXowzXQHqVH41u8Nl6FsPAr3DGh8cI root@ubuntu-xenial
[    9.111565] cloud-init[948]: The key's randomart image is:
[    9.112333] cloud-init[948]: +---[ECDSA 256]---+
[    9.112775] cloud-init[948]: |          o *=.oo|
[    9.113222] cloud-init[948]: |         . *.X*B.|
[    9.113668] cloud-init[948]: |          Eo@oO+*|
[    9.114117] cloud-init[948]: |         . ++%.o*|
[    9.114560] cloud-init[948]: |        S o O. =o|
[    9.114994] cloud-init[948]: |         . o  o o|
[    9.115435] cloud-init[948]: |          . .  . |
[    9.115879] cloud-init[948]: |           o     |
[    9.116164] cloud-init[948]: |          .      |
[    9.116672] cloud-init[948]: +----[SHA256]-----+
[    9.116832] cloud-init[948]: Generating public/private ed25519 key pair.
[    9.116992] cloud-init[948]: Your identification has been saved in /etc/ssh/ssh_host_ed25519_key.
[    9.117155] cloud-init[948]: Your public key has been saved in /etc/ssh/ssh_host_ed25519_key.pub.
[    9.117611] cloud-init[948]: The key fingerprint is:
[    9.118049] cloud-init[948]: SHA256:zesPTpWE8IEvnYS+N3KQk9w8cZ2wVmvPGyLB+OFqw/Y root@ubuntu-xenial
[    9.118492] cloud-init[948]: The key's randomart image is:
[    9.118928] cloud-init[948]: +--[ED25519 256]--+
[    9.119367] cloud-init[948]: |        .o. .o.. |
[    9.119807] cloud-init[948]: |        oo=o.oo. |
[    9.120406] cloud-init[948]: |       o XoB+ o  |
[    9.120840] cloud-init[948]: |        OoXooo o |
[    9.121279] cloud-init[948]: |        S=o=o. .o|
[    9.121719] cloud-init[948]: |        + =o. . o|
[    9.122166] cloud-init[948]: |         X+.   . |
[    9.122603] cloud-init[948]: |        o+o.     |
[    9.123174] cloud-init[948]: |          oE.    |
[    9.123631] cloud-init[948]: +----[SHA256]-----+

         Starting Socket activation for snappy daemon.
[[0;32m  OK  [0m] Listening on ACPID Listen Socket.
[[0;32m  OK  [0m] Started Daily Cleanup of Temporary Directories.
[[0;32m  OK  [0m] Started Daily apt download activities.
[[0;32m  OK  [0m] Listening on UUID daemon activation socket.
[[0;32m  OK  [0m] Started Daily apt upgrade and clean activities.
[[0;32m  OK  [0m] Started Message of the Day.
[[0;32m  OK  [0m] Reached target Timers.
[[0;32m  OK  [0m] Started ACPI Events Check.
[[0;32m  OK  [0m] Reached target Paths.
[[0;32m  OK  [0m] Reached target Cloud-config availability.
[[0;32m  OK  [0m] Listening on LXD - unix socket.
[[0;32m  OK  [0m] Listening on Socket activation for snappy daemon.
[[0;32m  OK  [0m] Started iSCSI initiator daemon (iscsid).
         Starting Login to default iSCSI targets...
[[0;32m  OK  [0m] Reached target Sockets.
[[0;32m  OK  [0m] Reached target Basic System.
         Starting Virtualbox guest utils...
         Starting Login Service...
         Starting LSB: MD monitoring daemon...
         Starting /etc/rc.local Compatibility...
         Starting LXD - container startup/shutdown...
         Starting Pollinate to seed the pseudo random number generator...
[[0;32m  OK  [0m] Started ACPI event daemon.
[[0;32m  OK  [0m] Started Deferred execution scheduler.
[[0;32m  OK  [0m] Started FUSE filesystem for LXC.
[[0;32m  OK  [0m] Started D-Bus System Message Bus.
         Starting LSB: Record successful boot for GRUB...
[[0;32m  OK  [0m] Started Regular background program processing daemon.
         Starting System Logging Service...
         Starting Accounts Service...
         Starting Snappy daemon...
[[0;32m  OK  [0m] Started /etc/rc.local Compatibility.
[[0;32m  OK  [0m] Started LSB: MD monitoring daemon.
[[0;32m  OK  [0m] Started LXD - container startup/shutdown.
[[0;32m  OK  [0m] Started System Logging Service.
[[0;32m  OK  [0m] Started Login to default iSCSI targets.
         Starting Authenticate and Authorize Users to Run Privileged Tasks...
[[0;32m  OK  [0m] Reached target Remote File Systems (Pre).
[[0;32m  OK  [0m] Reached target Remote File Systems.
         Starting LSB: automatic crash report generation...
         Starting LSB: Set the CPU Frequency Scaling governor to "ondemand"...
         Starting Permit User Sessions...
         Starting LSB: daemon to balance interrupts for SMP systems...
[[0;32m  OK  [0m] Started LSB: Record successful boot for GRUB.
[[0;32m  OK  [0m] Started Permit User Sessions.
[[0;32m  OK  [0m] Started Login Service.
[[0;32m  OK  [0m] Started Authenticate and Authorize Users to Run Privileged Tasks.
[[0;32m  OK  [0m] Started Unattended Upgrades Shutdown.
         Starting Hold until boot process finishes up...
         Starting Terminate Plymouth Boot Screen...
[[0;32m  OK  [0m] Started LSB: Set the CPU Frequency Scaling governor to "ondemand".
[[0;32m  OK  [0m] Started Hold until boot process finishes up.
[[0;32m  OK  [0m] Started LSB: daemon to balance interrupts for SMP systems.
[[0;32m  OK  [0m] Started LSB: automatic crash report generation.
[[0;32m  OK  [0m] Started Terminate Plymouth Boot Screen.
[[0;32m  OK  [0m] Started Accounts Service.
         Starting Set console scheme...
[[0;32m  OK  [0m] Started Getty on tty1.
[[0;32m  OK  [0m] Started Serial Getty on ttyS0.
[[0;32m  OK  [0m] Reached target Login Prompts.
[[0;32m  OK  [0m] Started Set console scheme.
[[0;32m  OK  [0m] Started Virtualbox guest utils.
[[0;32m  OK  [0m] Started Snappy daemon.
         Starting Wait until snapd is fully seeded...
[[0;32m  OK  [0m] Started Pollinate to seed the pseudo random number generator.
         Starting OpenBSD Secure Shell server...
[[0;32m  OK  [0m] Started OpenBSD Secure Shell server.
[[0;32m  OK  [0m] Started Wait until snapd is fully seeded.
         Starting Apply the settings specified in cloud-config...
[[0;32m  OK  [0m] Reached target Multi-User System.
[[0;32m  OK  [0m] Reached target Graphical Interface.
         Starting Update UTMP about System Runlevel Changes...
[[0;32m  OK  [0m] Started Update UTMP about System Runlevel Changes.
[   11.329491] cloud-init[1298]: Generating locales (this might take a while)...
[   11.832161] cloud-init[1298]:   en_US.UTF-8... done
[   11.833356] cloud-init[1298]: Generation complete.
[   12.055663] cloud-init[1298]: Cloud-init v. 19.4-33-gbb4131a2-0ubuntu1~16.04.1 running 'modules:config' at Thu, 25 Jun 2020 19:21:50 +0000. Up 11.24 seconds.
[[0;32m  OK  [0m] Created slice User Slice of vagrant.
         Starting User Manager for UID 1000...
[[0;32m  OK  [0m] Started Apply the settings specified in cloud-config.
[[0;32m  OK  [0m] Started Session 1 of user vagrant.
         Starting Execute cloud user/final scripts...
[[0;32m  OK  [0m] Started User Manager for UID 1000.
ci-info: no authorized SSH keys fingerprints found for user ubuntu.
<14>Jun 25 19:21:51 ec2: 
<14>Jun 25 19:21:51 ec2: #############################################################
<14>Jun 25 19:21:51 ec2: -----BEGIN SSH HOST KEY FINGERPRINTS-----
<14>Jun 25 19:21:51 ec2: 1024 SHA256:PkSk4lsb/sYpgIvv7t8nZEqYlKCz7bhsUFvf1ith0X8 root@ubuntu-xenial (DSA)
<14>Jun 25 19:21:51 ec2: 256 SHA256:v0XJGZkZ8VqW9gXowzXQHqVH41u8Nl6FsPAr3DGh8cI root@ubuntu-xenial (ECDSA)
<14>Jun 25 19:21:51 ec2: 256 SHA256:zesPTpWE8IEvnYS+N3KQk9w8cZ2wVmvPGyLB+OFqw/Y root@ubuntu-xenial (ED25519)
<14>Jun 25 19:21:51 ec2: 2048 SHA256:+xV5vkc77gTaFSH0lioXjuR4aQDoaM3Dz5QYqsuUm/s root@ubuntu-xenial (RSA)
<14>Jun 25 19:21:51 ec2: -----END SSH HOST KEY FINGERPRINTS-----
<14>Jun 25 19:21:51 ec2: #############################################################
-----BEGIN SSH HOST KEY KEYS-----
ecdsa-sha2-nistp256 AAAAE2VjZHNhLXNoYTItbmlzdHAyNTYAAAAIbmlzdHAyNTYAAABBBAbOgtqt5EHnndfFdkmfL9kRi7BvYREr5u3VvDupP8KQ6cjW6MqK2UWQOdKjdVZk262+O21ucc1LIiYMxwONaOA= root@ubuntu-xenial
ssh-ed25519 AAAAC3NzaC1lZDI1NTE5AAAAIEJgmoAiXgCEs8bpcF4xm5fEmyZl+Ah0WRtdO2PyhIFL root@ubuntu-xenial
ssh-rsa AAAAB3NzaC1yc2EAAAADAQABAAABAQCwDBgxJ75khomyLqZC/DurfdPJFTpPQs8JZZjoSRHSr+zMOgJntnG9kV7faQoq6fFDH4Zp8axEr6lYIFUsM44GlNPvSFIONcTgOGpFJ+kcUbKlQ5HL1eW+LNbdGT4c0FUFHTQK8akxaptKw3ZjzsPdc9+yKi6Rf7rvR5wEWV7ohM97DArau0RiYoIe9ehEou/bv6E8HQ0MOl77lDg5e+dH+IZlGOQZOPpUG5xIgTZ1A1S5Zb5c786XzlvSB1KQfkURb64SouGU4vttglhkpqi33ims0ymuFOwoiKjkvYKF/RLQ0EC+EipK76VdqqNHgz1EI0TUIQGOEGG6Jtz8Jayj root@ubuntu-xenial
-----END SSH HOST KEY KEYS-----
[   12.446284] cloud-init[1347]: Cloud-init v. 19.4-33-gbb4131a2-0ubuntu1~16.04.1 running 'modules:final' at Thu, 25 Jun 2020 19:21:51 +0000. Up 12.32 seconds.
[   12.452314] cloud-init[1347]: ci-info: no authorized SSH keys fingerprints found for user ubuntu.
[   12.460292] cloud-init[1347]: Cloud-init v. 19.4-33-gbb4131a2-0ubuntu1~16.04.1 finished at Thu, 25 Jun 2020 19:21:51 +0000. Datasource DataSourceNoCloud [seed=/dev/sdb][dsmode=net].  Up 12.44 seconds
[[0;32m  OK  [0m] Started Execute cloud user/final scripts.
[[0;32m  OK  [0m] Reached target Cloud-init target.

Ubuntu 16.04.6 LTS ubuntu-xenial ttyS0

ubuntu-xenial login: 